# JRE version: Java(TM) SE Runtime Environment (7.0_79-b15) (build 1.7.0_79-b15)
# Java VM: Java HotSpot(TM) 64-Bit Server VM (24.79-b02 mixed mode windows-amd64 compressed oops)
Heap
 PSYoungGen      total 272896K, used 272876K [0x00000000eaa80000, 0x00000000fc980000, 0x0000000100000000)
  eden space 261120K, 100% used [0x00000000eaa80000,0x00000000fa980000,0x00000000fa980000)
  from space 11776K, 99% used [0x00000000fb800000,0x00000000fc37b100,0x00000000fc380000)
  to   space 14848K, 99% used [0x00000000fa980000,0x00000000fb7f9b28,0x00000000fb800000)
 ParOldGen       total 174592K, used 22194K [0x00000000c0000000, 0x00000000caa80000, 0x00000000eaa80000)
  object space 174592K, 12% used [0x00000000c0000000,0x00000000c15ac860,0x00000000caa80000)
 PSPermGen       total 40960K, used 40614K [0x00000000b0000000, 0x00000000b2800000, 0x00000000c0000000)
  object space 40960K, 99% used [0x00000000b0000000,0x00000000b27a9850,0x00000000b2800000)
GC Heap History (10 events):
Event: 4.646 GC heap after
Heap after GC invocations=2 (full 0):
 PSYoungGen      total 76800K, used 10749K [0x00000000eaa80000, 0x00000000f0000000, 0x0000000100000000)
  eden space 66048K, 0% used [0x00000000eaa80000,0x00000000eaa80000,0x00000000eeb00000)
  from space 10752K, 99% used [0x00000000ef580000,0x00000000effff440,0x00000000f0000000)
  to   space 10752K, 0% used [0x00000000eeb00000,0x00000000eeb00000,0x00000000ef580000)
 ParOldGen       total 174592K, used 677K [0x00000000c0000000, 0x00000000caa80000, 0x00000000eaa80000)
  object space 174592K, 0% used [0x00000000c0000000,0x00000000c00a94b8,0x00000000caa80000)
 PSPermGen       total 21504K, used 20345K [0x00000000b0000000, 0x00000000b1500000, 0x00000000c0000000)
  object space 21504K, 94% used [0x00000000b0000000,0x00000000b13de410,0x00000000b1500000)
}
Event: 5.073 GC heap before
{Heap before GC invocations=3 (full 0):
 PSYoungGen      total 76800K, used 76797K [0x00000000eaa80000, 0x00000000f0000000, 0x0000000100000000)
  eden space 66048K, 100% used [0x00000000eaa80000,0x00000000eeb00000,0x00000000eeb00000)
  from space 10752K, 99% used [0x00000000ef580000,0x00000000effff440,0x00000000f0000000)
  to   space 10752K, 0% used [0x00000000eeb00000,0x00000000eeb00000,0x00000000ef580000)
 ParOldGen       total 174592K, used 677K [0x00000000c0000000, 0x00000000caa80000, 0x00000000eaa80000)
  object space 174592K, 0% used [0x00000000c0000000,0x00000000c00a94b8,0x00000000caa80000)
 PSPermGen       total 21504K, used 20353K [0x00000000b0000000, 0x00000000b1500000, 0x00000000c0000000)
  object space 21504K, 94% used [0x00000000b0000000,0x00000000b13e0730,0x00000000b1500000)
Event: 5.084 GC heap after
Heap after GC invocations=3 (full 0):
 PSYoungGen      total 76800K, used 6628K [0x00000000eaa80000, 0x00000000f4080000, 0x0000000100000000)
  eden space 66048K, 0% used [0x00000000eaa80000,0x00000000eaa80000,0x00000000eeb00000)
  from space 10752K, 61% used [0x00000000eeb00000,0x00000000ef179250,0x00000000ef580000)
  to   space 10752K, 0% used [0x00000000f3600000,0x00000000f3600000,0x00000000f4080000)
 ParOldGen       total 174592K, used 677K [0x00000000c0000000, 0x00000000caa80000, 0x00000000eaa80000)
  object space 174592K, 0% used [0x00000000c0000000,0x00000000c00a94b8,0x00000000caa80000)
 PSPermGen       total 21504K, used 20353K [0x00000000b0000000, 0x00000000b1500000, 0x00000000c0000000)
  object space 21504K, 94% used [0x00000000b0000000,0x00000000b13e0730,0x00000000b1500000)
}
Event: 5.902 GC heap before
{Heap before GC invocations=4 (full 0):
 PSYoungGen      total 76800K, used 72676K [0x00000000eaa80000, 0x00000000f4080000, 0x0000000100000000)
  eden space 66048K, 100% used [0x00000000eaa80000,0x00000000eeb00000,0x00000000eeb00000)
  from space 10752K, 61% used [0x00000000eeb00000,0x00000000ef179250,0x00000000ef580000)
  to   space 10752K, 0% used [0x00000000f3600000,0x00000000f3600000,0x00000000f4080000)
 ParOldGen       total 174592K, used 677K [0x00000000c0000000, 0x00000000caa80000, 0x00000000eaa80000)
  object space 174592K, 0% used [0x00000000c0000000,0x00000000c00a94b8,0x00000000caa80000)
 PSPermGen       total 22528K, used 22461K [0x00000000b0000000, 0x00000000b1600000, 0x00000000c0000000)
  object space 22528K, 99% used [0x00000000b0000000,0x00000000b15ef4c8,0x00000000b1600000)
Event: 5.917 GC heap after
Heap after GC invocations=4 (full 0):
 PSYoungGen      total 142848K, used 9304K [0x00000000eaa80000, 0x00000000f4080000, 0x0000000100000000)
  eden space 132096K, 0% used [0x00000000eaa80000,0x00000000eaa80000,0x00000000f2b80000)
  from space 10752K, 86% used [0x00000000f3600000,0x00000000f3f162f0,0x00000000f4080000)
  to   space 10752K, 0% used [0x00000000f2b80000,0x00000000f2b80000,0x00000000f3600000)
 ParOldGen       total 174592K, used 685K [0x00000000c0000000, 0x00000000caa80000, 0x00000000eaa80000)
  object space 174592K, 0% used [0x00000000c0000000,0x00000000c00ab4b8,0x00000000caa80000)
 PSPermGen       total 22528K, used 22461K [0x00000000b0000000, 0x00000000b1600000, 0x00000000c0000000)
  object space 22528K, 99% used [0x00000000b0000000,0x00000000b15ef4c8,0x00000000b1600000)
}
Event: 6.815 GC heap before
{Heap before GC invocations=5 (full 0):
 PSYoungGen      total 142848K, used 141400K [0x00000000eaa80000, 0x00000000f4080000, 0x0000000100000000)
  eden space 132096K, 100% used [0x00000000eaa80000,0x00000000f2b80000,0x00000000f2b80000)
  from space 10752K, 86% used [0x00000000f3600000,0x00000000f3f162f0,0x00000000f4080000)
  to   space 10752K, 0% used [0x00000000f2b80000,0x00000000f2b80000,0x00000000f3600000)
 ParOldGen       total 174592K, used 685K [0x00000000c0000000, 0x00000000caa80000, 0x00000000eaa80000)
  object space 174592K, 0% used [0x00000000c0000000,0x00000000c00ab4b8,0x00000000caa80000)
 PSPermGen       total 22528K, used 22495K [0x00000000b0000000, 0x00000000b1600000, 0x00000000c0000000)
  object space 22528K, 99% used [0x00000000b0000000,0x00000000b15f7d58,0x00000000b1600000)
Event: 6.824 GC heap after
Heap after GC invocations=5 (full 0):
 PSYoungGen      total 142848K, used 9044K [0x00000000eaa80000, 0x00000000fc380000, 0x0000000100000000)
  eden space 132096K, 0% used [0x00000000eaa80000,0x00000000eaa80000,0x00000000f2b80000)
  from space 10752K, 84% used [0x00000000f2b80000,0x00000000f3455130,0x00000000f3600000)
  to   space 11776K, 0% used [0x00000000fb800000,0x00000000fb800000,0x00000000fc380000)
 ParOldGen       total 174592K, used 693K [0x00000000c0000000, 0x00000000caa80000, 0x00000000eaa80000)
  object space 174592K, 0% used [0x00000000c0000000,0x00000000c00ad4b8,0x00000000caa80000)
 PSPermGen       total 22528K, used 22495K [0x00000000b0000000, 0x00000000b1600000, 0x00000000c0000000)
  object space 22528K, 99% used [0x00000000b0000000,0x00000000b15f7d58,0x00000000b1600000)
}
Event: 9.047 GC heap before
{Heap before GC invocations=6 (full 0):
 PSYoungGen      total 142848K, used 141140K [0x00000000eaa80000, 0x00000000fc380000, 0x0000000100000000)
  eden space 132096K, 100% used [0x00000000eaa80000,0x00000000f2b80000,0x00000000f2b80000)
  from space 10752K, 84% used [0x00000000f2b80000,0x00000000f3455130,0x00000000f3600000)
  to   space 11776K, 0% used [0x00000000fb800000,0x00000000fb800000,0x00000000fc380000)
 ParOldGen       total 174592K, used 693K [0x00000000c0000000, 0x00000000caa80000, 0x00000000eaa80000)
  object space 174592K, 0% used [0x00000000c0000000,0x00000000c00ad4b8,0x00000000caa80000)
 PSPermGen       total 25600K, used 25109K [0x00000000b0000000, 0x00000000b1900000, 0x00000000c0000000)
  object space 25600K, 98% used [0x00000000b0000000,0x00000000b18855f0,0x00000000b1900000)
Event: 9.079 GC heap after
Heap after GC invocations=6 (full 0):
 PSYoungGen      total 272896K, used 11756K [0x00000000eaa80000, 0x00000000fc980000, 0x0000000100000000)
  eden space 261120K, 0% used [0x00000000eaa80000,0x00000000eaa80000,0x00000000fa980000)
  from space 11776K, 99% used [0x00000000fb800000,0x00000000fc37b100,0x00000000fc380000)
  to   space 14848K, 0% used [0x00000000fa980000,0x00000000fa980000,0x00000000fb800000)
 ParOldGen       total 174592K, used 4275K [0x00000000c0000000, 0x00000000caa80000, 0x00000000eaa80000)
  object space 174592K, 2% used [0x00000000c0000000,0x00000000c042cff0,0x00000000caa80000)
 PSPermGen       total 25600K, used 25109K [0x00000000b0000000, 0x00000000b1900000, 0x00000000c0000000)
  object space 25600K, 98% used [0x00000000b0000000,0x00000000b18855f0,0x00000000b1900000)
}
Event: 17.334 GC heap before
{Heap before GC invocations=7 (full 0):
 PSYoungGen      total 272896K, used 272876K [0x00000000eaa80000, 0x00000000fc980000, 0x0000000100000000)
  eden space 261120K, 100% used [0x00000000eaa80000,0x00000000fa980000,0x00000000fa980000)
  from space 11776K, 99% used [0x00000000fb800000,0x00000000fc37b100,0x00000000fc380000)
  to   space 14848K, 0% used [0x00000000fa980000,0x00000000fa980000,0x00000000fb800000)
 ParOldGen       total 174592K, used 4275K [0x00000000c0000000, 0x00000000caa80000, 0x00000000eaa80000)
  object space 174592K, 2% used [0x00000000c0000000,0x00000000c042cff0,0x00000000caa80000)
 PSPermGen       total 40960K, used 40614K [0x00000000b0000000, 0x00000000b2800000, 0x00000000c0000000)
  object space 40960K, 99% used [0x00000000b0000000,0x00000000b27a9850,0x00000000b2800000)

