# JRE version: Java(TM) SE Runtime Environment (8.0_91-b14) (build 1.8.0_91-b14)
# Java VM: Java HotSpot(TM) 64-Bit Server VM (25.91-b14 mixed mode windows-amd64 compressed oops)
Heap:
 PSYoungGen      total 297472K, used 208566K [0x00000000eab00000, 0x00000000ffc80000, 0x0000000100000000)
  eden space 251904K, 76% used [0x00000000eab00000,0x00000000f6791b28,0x00000000fa100000)
  from space 45568K, 33% used [0x00000000fcc80000,0x00000000fdb9c030,0x00000000ff900000)
  to   space 44544K, 0% used [0x00000000fa100000,0x00000000fa100000,0x00000000fcc80000)
 ParOldGen       total 314880K, used 62257K [0x00000000c0000000, 0x00000000d3380000, 0x00000000eab00000)
  object space 314880K, 19% used [0x00000000c0000000,0x00000000c3ccc7e8,0x00000000d3380000)
 Metaspace       used 72740K, capacity 76266K, committed 76328K, reserved 1116160K
  class space    used 8828K, capacity 9487K, committed 9512K, reserved 1048576K
GC Heap History (10 events):
Event: 622.210 GC heap before
{Heap before GC invocations=51 (full 8):
 PSYoungGen      total 296448K, used 263328K [0x00000000eab00000, 0x00000000ffe00000, 0x0000000100000000)
  eden space 247808K, 100% used [0x00000000eab00000,0x00000000f9d00000,0x00000000f9d00000)
  from space 48640K, 31% used [0x00000000fce80000,0x00000000fdda8020,0x00000000ffe00000)
  to   space 49664K, 0% used [0x00000000f9d00000,0x00000000f9d00000,0x00000000fcd80000)
 ParOldGen       total 314880K, used 75322K [0x00000000c0000000, 0x00000000d3380000, 0x00000000eab00000)
  object space 314880K, 23% used [0x00000000c0000000,0x00000000c498ebc0,0x00000000d3380000)
 Metaspace       used 71347K, capacity 74830K, committed 74920K, reserved 1114112K
  class space    used 8651K, capacity 9329K, committed 9384K, reserved 1048576K
Event: 622.221 GC heap after
Heap after GC invocations=51 (full 8):
 PSYoungGen      total 297472K, used 17999K [0x00000000eab00000, 0x00000000fff00000, 0x0000000100000000)
  eden space 247808K, 0% used [0x00000000eab00000,0x00000000eab00000,0x00000000f9d00000)
  from space 49664K, 36% used [0x00000000f9d00000,0x00000000fae93c80,0x00000000fcd80000)
  to   space 48640K, 0% used [0x00000000fcf80000,0x00000000fcf80000,0x00000000fff00000)
 ParOldGen       total 314880K, used 75330K [0x00000000c0000000, 0x00000000d3380000, 0x00000000eab00000)
  object space 314880K, 23% used [0x00000000c0000000,0x00000000c4990bc0,0x00000000d3380000)
 Metaspace       used 71347K, capacity 74830K, committed 74920K, reserved 1114112K
  class space    used 8651K, capacity 9329K, committed 9384K, reserved 1048576K
}
Event: 633.837 GC heap before
{Heap before GC invocations=52 (full 8):
 PSYoungGen      total 297472K, used 265807K [0x00000000eab00000, 0x00000000fff00000, 0x0000000100000000)
  eden space 247808K, 100% used [0x00000000eab00000,0x00000000f9d00000,0x00000000f9d00000)
  from space 49664K, 36% used [0x00000000f9d00000,0x00000000fae93c80,0x00000000fcd80000)
  to   space 48640K, 0% used [0x00000000fcf80000,0x00000000fcf80000,0x00000000fff00000)
 ParOldGen       total 314880K, used 75330K [0x00000000c0000000, 0x00000000d3380000, 0x00000000eab00000)
  object space 314880K, 23% used [0x00000000c0000000,0x00000000c4990bc0,0x00000000d3380000)
 Metaspace       used 71390K, capacity 74926K, committed 75176K, reserved 1116160K
  class space    used 8655K, capacity 9335K, committed 9384K, reserved 1048576K
Event: 633.850 GC heap after
Heap after GC invocations=52 (full 8):
 PSYoungGen      total 294400K, used 21931K [0x00000000eab00000, 0x00000000ffa00000, 0x0000000100000000)
  eden space 250880K, 0% used [0x00000000eab00000,0x00000000eab00000,0x00000000fa000000)
  from space 43520K, 50% used [0x00000000fcf80000,0x00000000fe4eac58,0x00000000ffa00000)
  to   space 46080K, 0% used [0x00000000fa000000,0x00000000fa000000,0x00000000fcd00000)
 ParOldGen       total 314880K, used 75330K [0x00000000c0000000, 0x00000000d3380000, 0x00000000eab00000)
  object space 314880K, 23% used [0x00000000c0000000,0x00000000c4990bc0,0x00000000d3380000)
 Metaspace       used 71390K, capacity 74926K, committed 75176K, reserved 1116160K
  class space    used 8655K, capacity 9335K, committed 9384K, reserved 1048576K
}
Event: 676.572 GC heap before
{Heap before GC invocations=53 (full 8):
 PSYoungGen      total 294400K, used 95095K [0x00000000eab00000, 0x00000000ffa00000, 0x0000000100000000)
  eden space 250880K, 29% used [0x00000000eab00000,0x00000000ef273108,0x00000000fa000000)
  from space 43520K, 50% used [0x00000000fcf80000,0x00000000fe4eac58,0x00000000ffa00000)
  to   space 46080K, 0% used [0x00000000fa000000,0x00000000fa000000,0x00000000fcd00000)
 ParOldGen       total 314880K, used 75330K [0x00000000c0000000, 0x00000000d3380000, 0x00000000eab00000)
  object space 314880K, 23% used [0x00000000c0000000,0x00000000c4990bc0,0x00000000d3380000)
 Metaspace       used 72417K, capacity 75910K, committed 76072K, reserved 1116160K
  class space    used 8814K, capacity 9467K, committed 9512K, reserved 1048576K
Event: 676.581 GC heap after
Heap after GC invocations=53 (full 8):
 PSYoungGen      total 266752K, used 15440K [0x00000000eab00000, 0x00000000ff900000, 0x0000000100000000)
  eden space 250880K, 0% used [0x00000000eab00000,0x00000000eab00000,0x00000000fa000000)
  from space 15872K, 97% used [0x00000000fa000000,0x00000000faf142f0,0x00000000faf80000)
  to   space 45568K, 0% used [0x00000000fcc80000,0x00000000fcc80000,0x00000000ff900000)
 ParOldGen       total 314880K, used 75338K [0x00000000c0000000, 0x00000000d3380000, 0x00000000eab00000)
  object space 314880K, 23% used [0x00000000c0000000,0x00000000c4992bc0,0x00000000d3380000)
 Metaspace       used 72417K, capacity 75910K, committed 76072K, reserved 1116160K
  class space    used 8814K, capacity 9467K, committed 9512K, reserved 1048576K
}
Event: 676.581 GC heap before
{Heap before GC invocations=54 (full 9):
 PSYoungGen      total 266752K, used 15440K [0x00000000eab00000, 0x00000000ff900000, 0x0000000100000000)
  eden space 250880K, 0% used [0x00000000eab00000,0x00000000eab00000,0x00000000fa000000)
  from space 15872K, 97% used [0x00000000fa000000,0x00000000faf142f0,0x00000000faf80000)
  to   space 45568K, 0% used [0x00000000fcc80000,0x00000000fcc80000,0x00000000ff900000)
 ParOldGen       total 314880K, used 75338K [0x00000000c0000000, 0x00000000d3380000, 0x00000000eab00000)
  object space 314880K, 23% used [0x00000000c0000000,0x00000000c4992bc0,0x00000000d3380000)
 Metaspace       used 72417K, capacity 75910K, committed 76072K, reserved 1116160K
  class space    used 8814K, capacity 9467K, committed 9512K, reserved 1048576K
Event: 676.974 GC heap after
Heap after GC invocations=54 (full 9):
 PSYoungGen      total 266752K, used 0K [0x00000000eab00000, 0x00000000ff900000, 0x0000000100000000)
  eden space 250880K, 0% used [0x00000000eab00000,0x00000000eab00000,0x00000000fa000000)
  from space 15872K, 0% used [0x00000000fa000000,0x00000000fa000000,0x00000000faf80000)
  to   space 45568K, 0% used [0x00000000fcc80000,0x00000000fcc80000,0x00000000ff900000)
 ParOldGen       total 314880K, used 62249K [0x00000000c0000000, 0x00000000d3380000, 0x00000000eab00000)
  object space 314880K, 19% used [0x00000000c0000000,0x00000000c3cca7e8,0x00000000d3380000)
 Metaspace       used 72357K, capacity 75738K, committed 76072K, reserved 1116160K
  class space    used 8802K, capacity 9455K, committed 9512K, reserved 1048576K
}
Event: 830.382 GC heap before
{Heap before GC invocations=55 (full 9):
 PSYoungGen      total 266752K, used 250880K [0x00000000eab00000, 0x00000000ff900000, 0x0000000100000000)
  eden space 250880K, 100% used [0x00000000eab00000,0x00000000fa000000,0x00000000fa000000)
  from space 15872K, 0% used [0x00000000fa000000,0x00000000fa000000,0x00000000faf80000)
  to   space 45568K, 0% used [0x00000000fcc80000,0x00000000fcc80000,0x00000000ff900000)
 ParOldGen       total 314880K, used 62249K [0x00000000c0000000, 0x00000000d3380000, 0x00000000eab00000)
  object space 314880K, 19% used [0x00000000c0000000,0x00000000c3cca7e8,0x00000000d3380000)
 Metaspace       used 72722K, capacity 76266K, committed 76328K, reserved 1116160K
  class space    used 8828K, capacity 9487K, committed 9512K, reserved 1048576K
Event: 830.395 GC heap after
Heap after GC invocations=55 (full 9):
 PSYoungGen      total 297472K, used 15472K [0x00000000eab00000, 0x00000000ffc80000, 0x0000000100000000)
  eden space 251904K, 0% used [0x00000000eab00000,0x00000000eab00000,0x00000000fa100000)
  from space 45568K, 33% used [0x00000000fcc80000,0x00000000fdb9c030,0x00000000ff900000)
  to   space 44544K, 0% used [0x00000000fa100000,0x00000000fa100000,0x00000000fcc80000)
 ParOldGen       total 314880K, used 62257K [0x00000000c0000000, 0x00000000d3380000, 0x00000000eab00000)
  object space 314880K, 19% used [0x00000000c0000000,0x00000000c3ccc7e8,0x00000000d3380000)
 Metaspace       used 72722K, capacity 76266K, committed 76328K, reserved 1116160K
  class space    used 8828K, capacity 9487K, committed 9512K, reserved 1048576K
}

