# JRE version: Java(TM) SE Runtime Environment (8.0_91-b14) (build 1.8.0_91-b14)
# Java VM: Java HotSpot(TM) 64-Bit Server VM (25.91-b14 mixed mode windows-amd64 compressed oops)
Heap:
 PSYoungGen      total 234496K, used 183771K [0x00000000eab00000, 0x00000000fbe80000, 0x0000000100000000)
  eden space 186880K, 98% used [0x00000000eab00000,0x00000000f5e76d18,0x00000000f6180000)
  from space 47616K, 0% used [0x00000000f6180000,0x00000000f6180000,0x00000000f9000000)
  to   space 47616K, 0% used [0x00000000f9000000,0x00000000f9000000,0x00000000fbe80000)
 ParOldGen       total 199168K, used 85761K [0x00000000c0000000, 0x00000000cc280000, 0x00000000eab00000)
  object space 199168K, 43% used [0x00000000c0000000,0x00000000c53c06f8,0x00000000cc280000)
 Metaspace       used 101791K, capacity 111078K, committed 111616K, reserved 1146880K
  class space    used 12540K, capacity 13681K, committed 13824K, reserved 1048576K
GC Heap History (10 events):
Event: 8910.145 GC heap before
{Heap before GC invocations=125 (full 23):
 PSYoungGen      total 226304K, used 197901K [0x00000000eab00000, 0x00000000fbc00000, 0x0000000100000000)
  eden space 174592K, 100% used [0x00000000eab00000,0x00000000f5580000,0x00000000f5580000)
  from space 51712K, 45% used [0x00000000f5580000,0x00000000f6c43428,0x00000000f8800000)
  to   space 49152K, 0% used [0x00000000f8c00000,0x00000000f8c00000,0x00000000fbc00000)
 ParOldGen       total 199168K, used 103965K [0x00000000c0000000, 0x00000000cc280000, 0x00000000eab00000)
  object space 199168K, 52% used [0x00000000c0000000,0x00000000c65877c8,0x00000000cc280000)
 Metaspace       used 101193K, capacity 110276K, committed 111104K, reserved 1146880K
  class space    used 12508K, capacity 13636K, committed 13824K, reserved 1048576K
Event: 8910.156 GC heap after
Heap after GC invocations=125 (full 23):
 PSYoungGen      total 225280K, used 16749K [0x00000000eab00000, 0x00000000fb800000, 0x0000000100000000)
  eden space 180224K, 0% used [0x00000000eab00000,0x00000000eab00000,0x00000000f5b00000)
  from space 45056K, 37% used [0x00000000f8c00000,0x00000000f9c5b490,0x00000000fb800000)
  to   space 47616K, 0% used [0x00000000f5b00000,0x00000000f5b00000,0x00000000f8980000)
 ParOldGen       total 199168K, used 103973K [0x00000000c0000000, 0x00000000cc280000, 0x00000000eab00000)
  object space 199168K, 52% used [0x00000000c0000000,0x00000000c65897c8,0x00000000cc280000)
 Metaspace       used 101193K, capacity 110276K, committed 111104K, reserved 1146880K
  class space    used 12508K, capacity 13636K, committed 13824K, reserved 1048576K
}
Event: 8912.670 GC heap before
{Heap before GC invocations=126 (full 23):
 PSYoungGen      total 225280K, used 196973K [0x00000000eab00000, 0x00000000fb800000, 0x0000000100000000)
  eden space 180224K, 100% used [0x00000000eab00000,0x00000000f5b00000,0x00000000f5b00000)
  from space 45056K, 37% used [0x00000000f8c00000,0x00000000f9c5b490,0x00000000fb800000)
  to   space 47616K, 0% used [0x00000000f5b00000,0x00000000f5b00000,0x00000000f8980000)
 ParOldGen       total 199168K, used 103973K [0x00000000c0000000, 0x00000000cc280000, 0x00000000eab00000)
  object space 199168K, 52% used [0x00000000c0000000,0x00000000c65897c8,0x00000000cc280000)
 Metaspace       used 101197K, capacity 110276K, committed 111104K, reserved 1146880K
  class space    used 12508K, capacity 13636K, committed 13824K, reserved 1048576K
Event: 8912.694 GC heap after
Heap after GC invocations=126 (full 23):
 PSYoungGen      total 227840K, used 33234K [0x00000000eab00000, 0x00000000fc200000, 0x0000000100000000)
  eden space 180224K, 0% used [0x00000000eab00000,0x00000000eab00000,0x00000000f5b00000)
  from space 47616K, 69% used [0x00000000f5b00000,0x00000000f7b74858,0x00000000f8980000)
  to   space 49152K, 0% used [0x00000000f9200000,0x00000000f9200000,0x00000000fc200000)
 ParOldGen       total 199168K, used 103973K [0x00000000c0000000, 0x00000000cc280000, 0x00000000eab00000)
  object space 199168K, 52% used [0x00000000c0000000,0x00000000c65897c8,0x00000000cc280000)
 Metaspace       used 101197K, capacity 110276K, committed 111104K, reserved 1146880K
  class space    used 12508K, capacity 13636K, committed 13824K, reserved 1048576K
}
Event: 8916.260 GC heap before
{Heap before GC invocations=127 (full 23):
 PSYoungGen      total 227840K, used 213458K [0x00000000eab00000, 0x00000000fc200000, 0x0000000100000000)
  eden space 180224K, 100% used [0x00000000eab00000,0x00000000f5b00000,0x00000000f5b00000)
  from space 47616K, 69% used [0x00000000f5b00000,0x00000000f7b74858,0x00000000f8980000)
  to   space 49152K, 0% used [0x00000000f9200000,0x00000000f9200000,0x00000000fc200000)
 ParOldGen       total 199168K, used 103973K [0x00000000c0000000, 0x00000000cc280000, 0x00000000eab00000)
  object space 199168K, 52% used [0x00000000c0000000,0x00000000c65897c8,0x00000000cc280000)
 Metaspace       used 101532K, capacity 110724K, committed 111616K, reserved 1146880K
  class space    used 12508K, capacity 13636K, committed 13824K, reserved 1048576K
Event: 8916.271 GC heap after
Heap after GC invocations=127 (full 23):
 PSYoungGen      total 232448K, used 16066K [0x00000000eab00000, 0x00000000fbe80000, 0x0000000100000000)
  eden space 186880K, 0% used [0x00000000eab00000,0x00000000eab00000,0x00000000f6180000)
  from space 45568K, 35% used [0x00000000f9200000,0x00000000fa1b0860,0x00000000fbe80000)
  to   space 47616K, 0% used [0x00000000f6180000,0x00000000f6180000,0x00000000f9000000)
 ParOldGen       total 199168K, used 103973K [0x00000000c0000000, 0x00000000cc280000, 0x00000000eab00000)
  object space 199168K, 52% used [0x00000000c0000000,0x00000000c65897c8,0x00000000cc280000)
 Metaspace       used 101532K, capacity 110724K, committed 111616K, reserved 1146880K
  class space    used 12508K, capacity 13636K, committed 13824K, reserved 1048576K
}
Event: 8917.695 GC heap before
{Heap before GC invocations=128 (full 23):
 PSYoungGen      total 232448K, used 101516K [0x00000000eab00000, 0x00000000fbe80000, 0x0000000100000000)
  eden space 186880K, 45% used [0x00000000eab00000,0x00000000efe72b58,0x00000000f6180000)
  from space 45568K, 35% used [0x00000000f9200000,0x00000000fa1b0860,0x00000000fbe80000)
  to   space 47616K, 0% used [0x00000000f6180000,0x00000000f6180000,0x00000000f9000000)
 ParOldGen       total 199168K, used 103973K [0x00000000c0000000, 0x00000000cc280000, 0x00000000eab00000)
  object space 199168K, 52% used [0x00000000c0000000,0x00000000c65897c8,0x00000000cc280000)
 Metaspace       used 101541K, capacity 110724K, committed 111616K, reserved 1146880K
  class space    used 12508K, capacity 13636K, committed 13824K, reserved 1048576K
Event: 8917.706 GC heap after
Heap after GC invocations=128 (full 23):
 PSYoungGen      total 234496K, used 7800K [0x00000000eab00000, 0x00000000fbe80000, 0x0000000100000000)
  eden space 186880K, 0% used [0x00000000eab00000,0x00000000eab00000,0x00000000f6180000)
  from space 47616K, 16% used [0x00000000f6180000,0x00000000f691e0f0,0x00000000f9000000)
  to   space 47616K, 0% used [0x00000000f9000000,0x00000000f9000000,0x00000000fbe80000)
 ParOldGen       total 199168K, used 103973K [0x00000000c0000000, 0x00000000cc280000, 0x00000000eab00000)
  object space 199168K, 52% used [0x00000000c0000000,0x00000000c65897c8,0x00000000cc280000)
 Metaspace       used 101541K, capacity 110724K, committed 111616K, reserved 1146880K
  class space    used 12508K, capacity 13636K, committed 13824K, reserved 1048576K
}
Event: 8917.706 GC heap before
{Heap before GC invocations=129 (full 24):
 PSYoungGen      total 234496K, used 7800K [0x00000000eab00000, 0x00000000fbe80000, 0x0000000100000000)
  eden space 186880K, 0% used [0x00000000eab00000,0x00000000eab00000,0x00000000f6180000)
  from space 47616K, 16% used [0x00000000f6180000,0x00000000f691e0f0,0x00000000f9000000)
  to   space 47616K, 0% used [0x00000000f9000000,0x00000000f9000000,0x00000000fbe80000)
 ParOldGen       total 199168K, used 103973K [0x00000000c0000000, 0x00000000cc280000, 0x00000000eab00000)
  object space 199168K, 52% used [0x00000000c0000000,0x00000000c65897c8,0x00000000cc280000)
 Metaspace       used 101541K, capacity 110724K, committed 111616K, reserved 1146880K
  class space    used 12508K, capacity 13636K, committed 13824K, reserved 1048576K
Event: 8918.260 GC heap after
Heap after GC invocations=129 (full 24):
 PSYoungGen      total 234496K, used 0K [0x00000000eab00000, 0x00000000fbe80000, 0x0000000100000000)
  eden space 186880K, 0% used [0x00000000eab00000,0x00000000eab00000,0x00000000f6180000)
  from space 47616K, 0% used [0x00000000f6180000,0x00000000f6180000,0x00000000f9000000)
  to   space 47616K, 0% used [0x00000000f9000000,0x00000000f9000000,0x00000000fbe80000)
 ParOldGen       total 199168K, used 85761K [0x00000000c0000000, 0x00000000cc280000, 0x00000000eab00000)
  object space 199168K, 43% used [0x00000000c0000000,0x00000000c53c06f8,0x00000000cc280000)
 Metaspace       used 101513K, capacity 110676K, committed 111616K, reserved 1146880K
  class space    used 12503K, capacity 13628K, committed 13824K, reserved 1048576K
}

