# JRE version: Java(TM) SE Runtime Environment (7.0_79-b15) (build 1.7.0_79-b15)
# Java VM: Java HotSpot(TM) 64-Bit Server VM (24.79-b02 mixed mode windows-amd64 compressed oops)
Heap
 PSYoungGen      total 142848K, used 20418K [0x00000000eaa80000, 0x00000000fd380000, 0x0000000100000000)
  eden space 132096K, 7% used [0x00000000eaa80000,0x00000000eb3f1a10,0x00000000f2b80000)
  from space 10752K, 99% used [0x00000000f2b80000,0x00000000f35ff130,0x00000000f3600000)
  to   space 19968K, 0% used [0x00000000fc000000,0x00000000fc000000,0x00000000fd380000)
 ParOldGen       total 174592K, used 10709K [0x00000000c0000000, 0x00000000caa80000, 0x00000000eaa80000)
  object space 174592K, 6% used [0x00000000c0000000,0x00000000c0a75638,0x00000000caa80000)
 PSPermGen       total 31744K, used 31576K [0x00000000b0000000, 0x00000000b1f00000, 0x00000000c0000000)
  object space 31744K, 99% used [0x00000000b0000000,0x00000000b1ed61a8,0x00000000b1f00000)
GC Heap History (10 events):
Event: 3.579 GC heap before
{Heap before GC invocations=1 (full 0):
 PSYoungGen      total 76800K, used 66048K [0x00000000eaa80000, 0x00000000f0000000, 0x0000000100000000)
  eden space 66048K, 100% used [0x00000000eaa80000,0x00000000eeb00000,0x00000000eeb00000)
  from space 10752K, 0% used [0x00000000ef580000,0x00000000ef580000,0x00000000f0000000)
  to   space 10752K, 0% used [0x00000000eeb00000,0x00000000eeb00000,0x00000000ef580000)
 ParOldGen       total 174592K, used 0K [0x00000000c0000000, 0x00000000caa80000, 0x00000000eaa80000)
  object space 174592K, 0% used [0x00000000c0000000,0x00000000c0000000,0x00000000caa80000)
 PSPermGen       total 21504K, used 12049K [0x00000000b0000000, 0x00000000b1500000, 0x00000000c0000000)
  object space 21504K, 56% used [0x00000000b0000000,0x00000000b0bc45a0,0x00000000b1500000)
Event: 3.590 GC heap after
Heap after GC invocations=1 (full 0):
 PSYoungGen      total 76800K, used 8636K [0x00000000eaa80000, 0x00000000f0000000, 0x0000000100000000)
  eden space 66048K, 0% used [0x00000000eaa80000,0x00000000eaa80000,0x00000000eeb00000)
  from space 10752K, 80% used [0x00000000eeb00000,0x00000000ef36f258,0x00000000ef580000)
  to   space 10752K, 0% used [0x00000000ef580000,0x00000000ef580000,0x00000000f0000000)
 ParOldGen       total 174592K, used 8K [0x00000000c0000000, 0x00000000caa80000, 0x00000000eaa80000)
  object space 174592K, 0% used [0x00000000c0000000,0x00000000c0002000,0x00000000caa80000)
 PSPermGen       total 21504K, used 12049K [0x00000000b0000000, 0x00000000b1500000, 0x00000000c0000000)
  object space 21504K, 56% used [0x00000000b0000000,0x00000000b0bc45a0,0x00000000b1500000)
}
Event: 4.586 GC heap before
{Heap before GC invocations=2 (full 0):
 PSYoungGen      total 76800K, used 74684K [0x00000000eaa80000, 0x00000000f0000000, 0x0000000100000000)
  eden space 66048K, 100% used [0x00000000eaa80000,0x00000000eeb00000,0x00000000eeb00000)
  from space 10752K, 80% used [0x00000000eeb00000,0x00000000ef36f258,0x00000000ef580000)
  to   space 10752K, 0% used [0x00000000ef580000,0x00000000ef580000,0x00000000f0000000)
 ParOldGen       total 174592K, used 8K [0x00000000c0000000, 0x00000000caa80000, 0x00000000eaa80000)
  object space 174592K, 0% used [0x00000000c0000000,0x00000000c0002000,0x00000000caa80000)
 PSPermGen       total 21504K, used 20156K [0x00000000b0000000, 0x00000000b1500000, 0x00000000c0000000)
  object space 21504K, 93% used [0x00000000b0000000,0x00000000b13af0e8,0x00000000b1500000)
Event: 4.598 GC heap after
Heap after GC invocations=2 (full 0):
 PSYoungGen      total 76800K, used 10735K [0x00000000eaa80000, 0x00000000f0000000, 0x0000000100000000)
  eden space 66048K, 0% used [0x00000000eaa80000,0x00000000eaa80000,0x00000000eeb00000)
  from space 10752K, 99% used [0x00000000ef580000,0x00000000efffbf68,0x00000000f0000000)
  to   space 10752K, 0% used [0x00000000eeb00000,0x00000000eeb00000,0x00000000ef580000)
 ParOldGen       total 174592K, used 499K [0x00000000c0000000, 0x00000000caa80000, 0x00000000eaa80000)
  object space 174592K, 0% used [0x00000000c0000000,0x00000000c007cea0,0x00000000caa80000)
 PSPermGen       total 21504K, used 20156K [0x00000000b0000000, 0x00000000b1500000, 0x00000000c0000000)
  object space 21504K, 93% used [0x00000000b0000000,0x00000000b13af0e8,0x00000000b1500000)
}
Event: 4.816 GC heap before
{Heap before GC invocations=3 (full 0):
 PSYoungGen      total 76800K, used 76783K [0x00000000eaa80000, 0x00000000f0000000, 0x0000000100000000)
  eden space 66048K, 100% used [0x00000000eaa80000,0x00000000eeb00000,0x00000000eeb00000)
  from space 10752K, 99% used [0x00000000ef580000,0x00000000efffbf68,0x00000000f0000000)
  to   space 10752K, 0% used [0x00000000eeb00000,0x00000000eeb00000,0x00000000ef580000)
 ParOldGen       total 174592K, used 499K [0x00000000c0000000, 0x00000000caa80000, 0x00000000eaa80000)
  object space 174592K, 0% used [0x00000000c0000000,0x00000000c007cea0,0x00000000caa80000)
 PSPermGen       total 21504K, used 20165K [0x00000000b0000000, 0x00000000b1500000, 0x00000000c0000000)
  object space 21504K, 93% used [0x00000000b0000000,0x00000000b13b1478,0x00000000b1500000)
Event: 4.826 GC heap after
Heap after GC invocations=3 (full 0):
 PSYoungGen      total 76800K, used 6516K [0x00000000eaa80000, 0x00000000f4080000, 0x0000000100000000)
  eden space 66048K, 0% used [0x00000000eaa80000,0x00000000eaa80000,0x00000000eeb00000)
  from space 10752K, 60% used [0x00000000eeb00000,0x00000000ef15d0f0,0x00000000ef580000)
  to   space 10752K, 0% used [0x00000000f3600000,0x00000000f3600000,0x00000000f4080000)
 ParOldGen       total 174592K, used 507K [0x00000000c0000000, 0x00000000caa80000, 0x00000000eaa80000)
  object space 174592K, 0% used [0x00000000c0000000,0x00000000c007eea0,0x00000000caa80000)
 PSPermGen       total 21504K, used 20165K [0x00000000b0000000, 0x00000000b1500000, 0x00000000c0000000)
  object space 21504K, 93% used [0x00000000b0000000,0x00000000b13b1478,0x00000000b1500000)
}
Event: 5.368 GC heap before
{Heap before GC invocations=4 (full 0):
 PSYoungGen      total 76800K, used 72564K [0x00000000eaa80000, 0x00000000f4080000, 0x0000000100000000)
  eden space 66048K, 100% used [0x00000000eaa80000,0x00000000eeb00000,0x00000000eeb00000)
  from space 10752K, 60% used [0x00000000eeb00000,0x00000000ef15d0f0,0x00000000ef580000)
  to   space 10752K, 0% used [0x00000000f3600000,0x00000000f3600000,0x00000000f4080000)
 ParOldGen       total 174592K, used 507K [0x00000000c0000000, 0x00000000caa80000, 0x00000000eaa80000)
  object space 174592K, 0% used [0x00000000c0000000,0x00000000c007eea0,0x00000000caa80000)
 PSPermGen       total 22528K, used 22329K [0x00000000b0000000, 0x00000000b1600000, 0x00000000c0000000)
  object space 22528K, 99% used [0x00000000b0000000,0x00000000b15ce520,0x00000000b1600000)
Event: 5.380 GC heap after
Heap after GC invocations=4 (full 0):
 PSYoungGen      total 142848K, used 9411K [0x00000000eaa80000, 0x00000000f4080000, 0x0000000100000000)
  eden space 132096K, 0% used [0x00000000eaa80000,0x00000000eaa80000,0x00000000f2b80000)
  from space 10752K, 87% used [0x00000000f3600000,0x00000000f3f30de0,0x00000000f4080000)
  to   space 10752K, 0% used [0x00000000f2b80000,0x00000000f2b80000,0x00000000f3600000)
 ParOldGen       total 174592K, used 507K [0x00000000c0000000, 0x00000000caa80000, 0x00000000eaa80000)
  object space 174592K, 0% used [0x00000000c0000000,0x00000000c007eea0,0x00000000caa80000)
 PSPermGen       total 22528K, used 22329K [0x00000000b0000000, 0x00000000b1600000, 0x00000000c0000000)
  object space 22528K, 99% used [0x00000000b0000000,0x00000000b15ce520,0x00000000b1600000)
}
Event: 7.881 GC heap before
{Heap before GC invocations=5 (full 0):
 PSYoungGen      total 142848K, used 141507K [0x00000000eaa80000, 0x00000000f4080000, 0x0000000100000000)
  eden space 132096K, 100% used [0x00000000eaa80000,0x00000000f2b80000,0x00000000f2b80000)
  from space 10752K, 87% used [0x00000000f3600000,0x00000000f3f30de0,0x00000000f4080000)
  to   space 10752K, 0% used [0x00000000f2b80000,0x00000000f2b80000,0x00000000f3600000)
 ParOldGen       total 174592K, used 507K [0x00000000c0000000, 0x00000000caa80000, 0x00000000eaa80000)
  object space 174592K, 0% used [0x00000000c0000000,0x00000000c007eea0,0x00000000caa80000)
 PSPermGen       total 30720K, used 30715K [0x00000000b0000000, 0x00000000b1e00000, 0x00000000c0000000)
  object space 30720K, 99% used [0x00000000b0000000,0x00000000b1dfeff0,0x00000000b1e00000)
Event: 7.901 GC heap after
Heap after GC invocations=5 (full 0):
 PSYoungGen      total 142848K, used 10748K [0x00000000eaa80000, 0x00000000fd380000, 0x0000000100000000)
  eden space 132096K, 0% used [0x00000000eaa80000,0x00000000eaa80000,0x00000000f2b80000)
  from space 10752K, 99% used [0x00000000f2b80000,0x00000000f35ff130,0x00000000f3600000)
  to   space 19968K, 0% used [0x00000000fc000000,0x00000000fc000000,0x00000000fd380000)
 ParOldGen       total 174592K, used 10709K [0x00000000c0000000, 0x00000000caa80000, 0x00000000eaa80000)
  object space 174592K, 6% used [0x00000000c0000000,0x00000000c0a75638,0x00000000caa80000)
 PSPermGen       total 30720K, used 30715K [0x00000000b0000000, 0x00000000b1e00000, 0x00000000c0000000)
  object space 30720K, 99% used [0x00000000b0000000,0x00000000b1dfeff0,0x00000000b1e00000)
}

