# JRE version: Java(TM) SE Runtime Environment (8.0_91-b14) (build 1.8.0_91-b14)
# Java VM: Java HotSpot(TM) 64-Bit Server VM (25.91-b14 mixed mode windows-amd64 compressed oops)
Heap:
 PSYoungGen      total 178176K, used 34043K [0x00000000eab00000, 0x00000000f7000000, 0x0000000100000000)
  eden space 164864K, 12% used [0x00000000eab00000,0x00000000ebf41278,0x00000000f4c00000)
  from space 13312K, 99% used [0x00000000f5d00000,0x00000000f69fd9f8,0x00000000f6a00000)
  to   space 17408K, 0% used [0x00000000f4c00000,0x00000000f4c00000,0x00000000f5d00000)
 ParOldGen       total 179200K, used 23116K [0x00000000c0000000, 0x00000000caf00000, 0x00000000eab00000)
  object space 179200K, 12% used [0x00000000c0000000,0x00000000c16933c0,0x00000000caf00000)
 Metaspace       used 45700K, capacity 46772K, committed 46976K, reserved 1089536K
  class space    used 6217K, capacity 6465K, committed 6528K, reserved 1048576K
GC Heap History (10 events):
Event: 3.793 GC heap before
{Heap before GC invocations=6 (full 1):
 PSYoungGen      total 95232K, used 93277K [0x00000000eab00000, 0x00000000f1300000, 0x0000000100000000)
  eden space 84992K, 100% used [0x00000000eab00000,0x00000000efe00000,0x00000000efe00000)
  from space 10240K, 80% used [0x00000000f0900000,0x00000000f11176a8,0x00000000f1300000)
  to   space 10752K, 0% used [0x00000000efe00000,0x00000000efe00000,0x00000000f0880000)
 ParOldGen       total 122880K, used 11202K [0x00000000c0000000, 0x00000000c7800000, 0x00000000eab00000)
  object space 122880K, 9% used [0x00000000c0000000,0x00000000c0af0b80,0x00000000c7800000)
 Metaspace       used 33866K, capacity 34512K, committed 34688K, reserved 1079296K
  class space    used 4511K, capacity 4658K, committed 4736K, reserved 1048576K
Event: 3.804 GC heap after
Heap after GC invocations=6 (full 1):
 PSYoungGen      total 95744K, used 10747K [0x00000000eab00000, 0x00000000f3300000, 0x0000000100000000)
  eden space 84992K, 0% used [0x00000000eab00000,0x00000000eab00000,0x00000000efe00000)
  from space 10752K, 99% used [0x00000000efe00000,0x00000000f087ed48,0x00000000f0880000)
  to   space 13312K, 0% used [0x00000000f2600000,0x00000000f2600000,0x00000000f3300000)
 ParOldGen       total 122880K, used 11702K [0x00000000c0000000, 0x00000000c7800000, 0x00000000eab00000)
  object space 122880K, 9% used [0x00000000c0000000,0x00000000c0b6d8f8,0x00000000c7800000)
 Metaspace       used 33866K, capacity 34512K, committed 34688K, reserved 1079296K
  class space    used 4511K, capacity 4658K, committed 4736K, reserved 1048576K
}
Event: 3.898 GC heap before
{Heap before GC invocations=7 (full 1):
 PSYoungGen      total 95744K, used 20286K [0x00000000eab00000, 0x00000000f3300000, 0x0000000100000000)
  eden space 84992K, 11% used [0x00000000eab00000,0x00000000eb450cf0,0x00000000efe00000)
  from space 10752K, 99% used [0x00000000efe00000,0x00000000f087ed48,0x00000000f0880000)
  to   space 13312K, 0% used [0x00000000f2600000,0x00000000f2600000,0x00000000f3300000)
 ParOldGen       total 122880K, used 11702K [0x00000000c0000000, 0x00000000c7800000, 0x00000000eab00000)
  object space 122880K, 9% used [0x00000000c0000000,0x00000000c0b6d8f8,0x00000000c7800000)
 Metaspace       used 34707K, capacity 35342K, committed 35496K, reserved 1079296K
  class space    used 4601K, capacity 4760K, committed 4864K, reserved 1048576K
Event: 3.906 GC heap after
Heap after GC invocations=7 (full 1):
 PSYoungGen      total 126464K, used 9327K [0x00000000eab00000, 0x00000000f4400000, 0x0000000100000000)
  eden space 113152K, 0% used [0x00000000eab00000,0x00000000eab00000,0x00000000f1980000)
  from space 13312K, 70% used [0x00000000f2600000,0x00000000f2f1bdb0,0x00000000f3300000)
  to   space 12800K, 0% used [0x00000000f1980000,0x00000000f1980000,0x00000000f2600000)
 ParOldGen       total 122880K, used 11710K [0x00000000c0000000, 0x00000000c7800000, 0x00000000eab00000)
  object space 122880K, 9% used [0x00000000c0000000,0x00000000c0b6f8f8,0x00000000c7800000)
 Metaspace       used 34707K, capacity 35342K, committed 35496K, reserved 1079296K
  class space    used 4601K, capacity 4760K, committed 4864K, reserved 1048576K
}
Event: 3.906 GC heap before
{Heap before GC invocations=8 (full 2):
 PSYoungGen      total 126464K, used 9327K [0x00000000eab00000, 0x00000000f4400000, 0x0000000100000000)
  eden space 113152K, 0% used [0x00000000eab00000,0x00000000eab00000,0x00000000f1980000)
  from space 13312K, 70% used [0x00000000f2600000,0x00000000f2f1bdb0,0x00000000f3300000)
  to   space 12800K, 0% used [0x00000000f1980000,0x00000000f1980000,0x00000000f2600000)
 ParOldGen       total 122880K, used 11710K [0x00000000c0000000, 0x00000000c7800000, 0x00000000eab00000)
  object space 122880K, 9% used [0x00000000c0000000,0x00000000c0b6f8f8,0x00000000c7800000)
 Metaspace       used 34707K, capacity 35342K, committed 35496K, reserved 1079296K
  class space    used 4601K, capacity 4760K, committed 4864K, reserved 1048576K
Event: 3.958 GC heap after
Heap after GC invocations=8 (full 2):
 PSYoungGen      total 126464K, used 0K [0x00000000eab00000, 0x00000000f4400000, 0x0000000100000000)
  eden space 113152K, 0% used [0x00000000eab00000,0x00000000eab00000,0x00000000f1980000)
  from space 13312K, 0% used [0x00000000f2600000,0x00000000f2600000,0x00000000f3300000)
  to   space 12800K, 0% used [0x00000000f1980000,0x00000000f1980000,0x00000000f2600000)
 ParOldGen       total 179200K, used 16346K [0x00000000c0000000, 0x00000000caf00000, 0x00000000eab00000)
  object space 179200K, 9% used [0x00000000c0000000,0x00000000c0ff6878,0x00000000caf00000)
 Metaspace       used 34707K, capacity 35342K, committed 35496K, reserved 1079296K
  class space    used 4601K, capacity 4760K, committed 4864K, reserved 1048576K
}
Event: 4.803 GC heap before
{Heap before GC invocations=9 (full 2):
 PSYoungGen      total 126464K, used 113152K [0x00000000eab00000, 0x00000000f4400000, 0x0000000100000000)
  eden space 113152K, 100% used [0x00000000eab00000,0x00000000f1980000,0x00000000f1980000)
  from space 13312K, 0% used [0x00000000f2600000,0x00000000f2600000,0x00000000f3300000)
  to   space 12800K, 0% used [0x00000000f1980000,0x00000000f1980000,0x00000000f2600000)
 ParOldGen       total 179200K, used 16346K [0x00000000c0000000, 0x00000000caf00000, 0x00000000eab00000)
  object space 179200K, 9% used [0x00000000c0000000,0x00000000c0ff6878,0x00000000caf00000)
 Metaspace       used 40928K, capacity 41694K, committed 41856K, reserved 1085440K
  class space    used 5480K, capacity 5671K, committed 5760K, reserved 1048576K
Event: 4.810 GC heap after
Heap after GC invocations=9 (full 2):
 PSYoungGen      total 125952K, used 11762K [0x00000000eab00000, 0x00000000f6a00000, 0x0000000100000000)
  eden space 113152K, 0% used [0x00000000eab00000,0x00000000eab00000,0x00000000f1980000)
  from space 12800K, 91% used [0x00000000f1980000,0x00000000f24fcac0,0x00000000f2600000)
  to   space 13312K, 0% used [0x00000000f5d00000,0x00000000f5d00000,0x00000000f6a00000)
 ParOldGen       total 179200K, used 16354K [0x00000000c0000000, 0x00000000caf00000, 0x00000000eab00000)
  object space 179200K, 9% used [0x00000000c0000000,0x00000000c0ff8878,0x00000000caf00000)
 Metaspace       used 40928K, capacity 41694K, committed 41856K, reserved 1085440K
  class space    used 5480K, capacity 5671K, committed 5760K, reserved 1048576K
}
Event: 5.594 GC heap before
{Heap before GC invocations=10 (full 2):
 PSYoungGen      total 125952K, used 124914K [0x00000000eab00000, 0x00000000f6a00000, 0x0000000100000000)
  eden space 113152K, 100% used [0x00000000eab00000,0x00000000f1980000,0x00000000f1980000)
  from space 12800K, 91% used [0x00000000f1980000,0x00000000f24fcac0,0x00000000f2600000)
  to   space 13312K, 0% used [0x00000000f5d00000,0x00000000f5d00000,0x00000000f6a00000)
 ParOldGen       total 179200K, used 16354K [0x00000000c0000000, 0x00000000caf00000, 0x00000000eab00000)
  object space 179200K, 9% used [0x00000000c0000000,0x00000000c0ff8878,0x00000000caf00000)
 Metaspace       used 44885K, capacity 45796K, committed 46080K, reserved 1089536K
  class space    used 6101K, capacity 6292K, committed 6400K, reserved 1048576K
Event: 5.608 GC heap after
Heap after GC invocations=10 (full 2):
 PSYoungGen      total 178176K, used 13302K [0x00000000eab00000, 0x00000000f7000000, 0x0000000100000000)
  eden space 164864K, 0% used [0x00000000eab00000,0x00000000eab00000,0x00000000f4c00000)
  from space 13312K, 99% used [0x00000000f5d00000,0x00000000f69fd9f8,0x00000000f6a00000)
  to   space 17408K, 0% used [0x00000000f4c00000,0x00000000f4c00000,0x00000000f5d00000)
 ParOldGen       total 179200K, used 23116K [0x00000000c0000000, 0x00000000caf00000, 0x00000000eab00000)
  object space 179200K, 12% used [0x00000000c0000000,0x00000000c16933c0,0x00000000caf00000)
 Metaspace       used 44885K, capacity 45796K, committed 46080K, reserved 1089536K
  class space    used 6101K, capacity 6292K, committed 6400K, reserved 1048576K
}

