# JRE version: Java(TM) SE Runtime Environment (8.0_91-b14) (build 1.8.0_91-b14)
# Java VM: Java HotSpot(TM) 64-Bit Server VM (25.91-b14 mixed mode windows-amd64 compressed oops)
Heap:
 PSYoungGen      total 251904K, used 247962K [0x00000000eab00000, 0x00000000ff300000, 0x0000000100000000)
  eden space 197632K, 100% used [0x00000000eab00000,0x00000000f6c00000,0x00000000f6c00000)
  from space 54272K, 92% used [0x00000000fbe00000,0x00000000fef26860,0x00000000ff300000)
  to   space 69120K, 90% used [0x00000000f6c00000,0x00000000fa93d130,0x00000000faf80000)
 ParOldGen       total 233472K, used 80488K [0x00000000c0000000, 0x00000000ce400000, 0x00000000eab00000)
  object space 233472K, 34% used [0x00000000c0000000,0x00000000c4e9a368,0x00000000ce400000)
 Metaspace       used 6133K, capacity 7096K, committed 7296K, reserved 1056768K
  class space    used 610K, capacity 624K, committed 640K, reserved 1048576K
GC Heap History (10 events):
Event: 3.338 GC heap after
Heap after GC invocations=3 (full 0):
 PSYoungGen      total 76288K, used 10743K [0x00000000eab00000, 0x00000000f4000000, 0x0000000100000000)
  eden space 65536K, 0% used [0x00000000eab00000,0x00000000eab00000,0x00000000eeb00000)
  from space 10752K, 99% used [0x00000000eeb00000,0x00000000ef57dfc0,0x00000000ef580000)
  to   space 10752K, 0% used [0x00000000f3580000,0x00000000f3580000,0x00000000f4000000)
 ParOldGen       total 175104K, used 59905K [0x00000000c0000000, 0x00000000cab00000, 0x00000000eab00000)
  object space 175104K, 34% used [0x00000000c0000000,0x00000000c3a80408,0x00000000cab00000)
 Metaspace       used 5917K, capacity 7024K, committed 7296K, reserved 1056768K
  class space    used 590K, capacity 616K, committed 640K, reserved 1048576K
}
Event: 3.567 GC heap before
{Heap before GC invocations=4 (full 0):
 PSYoungGen      total 76288K, used 76279K [0x00000000eab00000, 0x00000000f4000000, 0x0000000100000000)
  eden space 65536K, 100% used [0x00000000eab00000,0x00000000eeb00000,0x00000000eeb00000)
  from space 10752K, 99% used [0x00000000eeb00000,0x00000000ef57dfc0,0x00000000ef580000)
  to   space 10752K, 0% used [0x00000000f3580000,0x00000000f3580000,0x00000000f4000000)
 ParOldGen       total 175104K, used 59905K [0x00000000c0000000, 0x00000000cab00000, 0x00000000eab00000)
  object space 175104K, 34% used [0x00000000c0000000,0x00000000c3a80408,0x00000000cab00000)
 Metaspace       used 5920K, capacity 7024K, committed 7296K, reserved 1056768K
  class space    used 590K, capacity 616K, committed 640K, reserved 1048576K
Event: 3.637 GC heap after
Heap after GC invocations=4 (full 0):
 PSYoungGen      total 141824K, used 10743K [0x00000000eab00000, 0x00000000f4000000, 0x0000000100000000)
  eden space 131072K, 0% used [0x00000000eab00000,0x00000000eab00000,0x00000000f2b00000)
  from space 10752K, 99% used [0x00000000f3580000,0x00000000f3ffdfc0,0x00000000f4000000)
  to   space 10752K, 0% used [0x00000000f2b00000,0x00000000f2b00000,0x00000000f3580000)
 ParOldGen       total 175104K, used 91152K [0x00000000c0000000, 0x00000000cab00000, 0x00000000eab00000)
  object space 175104K, 52% used [0x00000000c0000000,0x00000000c5904098,0x00000000cab00000)
 Metaspace       used 5920K, capacity 7024K, committed 7296K, reserved 1056768K
  class space    used 590K, capacity 616K, committed 640K, reserved 1048576K
}
Event: 4.772 GC heap before
{Heap before GC invocations=5 (full 0):
 PSYoungGen      total 141824K, used 141815K [0x00000000eab00000, 0x00000000f4000000, 0x0000000100000000)
  eden space 131072K, 100% used [0x00000000eab00000,0x00000000f2b00000,0x00000000f2b00000)
  from space 10752K, 99% used [0x00000000f3580000,0x00000000f3ffdfc0,0x00000000f4000000)
  to   space 10752K, 0% used [0x00000000f2b00000,0x00000000f2b00000,0x00000000f3580000)
 ParOldGen       total 175104K, used 91152K [0x00000000c0000000, 0x00000000cab00000, 0x00000000eab00000)
  object space 175104K, 52% used [0x00000000c0000000,0x00000000c5904098,0x00000000cab00000)
 Metaspace       used 6021K, capacity 7032K, committed 7296K, reserved 1056768K
  class space    used 610K, capacity 624K, committed 640K, reserved 1048576K
Event: 4.816 GC heap after
Heap after GC invocations=5 (full 0):
 PSYoungGen      total 141824K, used 10728K [0x00000000eab00000, 0x0000000100000000, 0x0000000100000000)
  eden space 131072K, 0% used [0x00000000eab00000,0x00000000eab00000,0x00000000f2b00000)
  from space 10752K, 99% used [0x00000000f2b00000,0x00000000f357a0a8,0x00000000f3580000)
  to   space 67584K, 0% used [0x00000000fbe00000,0x00000000fbe00000,0x0000000100000000)
 ParOldGen       total 175104K, used 142969K [0x00000000c0000000, 0x00000000cab00000, 0x00000000eab00000)
  object space 175104K, 81% used [0x00000000c0000000,0x00000000c8b9e638,0x00000000cab00000)
 Metaspace       used 6021K, capacity 7032K, committed 7296K, reserved 1056768K
  class space    used 610K, capacity 624K, committed 640K, reserved 1048576K
}
Event: 4.816 GC heap before
{Heap before GC invocations=6 (full 1):
 PSYoungGen      total 141824K, used 10728K [0x00000000eab00000, 0x0000000100000000, 0x0000000100000000)
  eden space 131072K, 0% used [0x00000000eab00000,0x00000000eab00000,0x00000000f2b00000)
  from space 10752K, 99% used [0x00000000f2b00000,0x00000000f357a0a8,0x00000000f3580000)
  to   space 67584K, 0% used [0x00000000fbe00000,0x00000000fbe00000,0x0000000100000000)
 ParOldGen       total 175104K, used 142969K [0x00000000c0000000, 0x00000000cab00000, 0x00000000eab00000)
  object space 175104K, 81% used [0x00000000c0000000,0x00000000c8b9e638,0x00000000cab00000)
 Metaspace       used 6021K, capacity 7032K, committed 7296K, reserved 1056768K
  class space    used 610K, capacity 624K, committed 640K, reserved 1048576K
Event: 5.200 GC heap after
Heap after GC invocations=6 (full 1):
 PSYoungGen      total 141824K, used 0K [0x00000000eab00000, 0x0000000100000000, 0x0000000100000000)
  eden space 131072K, 0% used [0x00000000eab00000,0x00000000eab00000,0x00000000f2b00000)
  from space 10752K, 0% used [0x00000000f2b00000,0x00000000f2b00000,0x00000000f3580000)
  to   space 67584K, 0% used [0x00000000fbe00000,0x00000000fbe00000,0x0000000100000000)
 ParOldGen       total 233472K, used 80488K [0x00000000c0000000, 0x00000000ce400000, 0x00000000eab00000)
  object space 233472K, 34% used [0x00000000c0000000,0x00000000c4e9a368,0x00000000ce400000)
 Metaspace       used 6021K, capacity 7032K, committed 7296K, reserved 1056768K
  class space    used 610K, capacity 624K, committed 640K, reserved 1048576K
}
Event: 6.152 GC heap before
{Heap before GC invocations=7 (full 1):
 PSYoungGen      total 141824K, used 131072K [0x00000000eab00000, 0x0000000100000000, 0x0000000100000000)
  eden space 131072K, 100% used [0x00000000eab00000,0x00000000f2b00000,0x00000000f2b00000)
  from space 10752K, 0% used [0x00000000f2b00000,0x00000000f2b00000,0x00000000f3580000)
  to   space 67584K, 0% used [0x00000000fbe00000,0x00000000fbe00000,0x0000000100000000)
 ParOldGen       total 233472K, used 80488K [0x00000000c0000000, 0x00000000ce400000, 0x00000000eab00000)
  object space 233472K, 34% used [0x00000000c0000000,0x00000000c4e9a368,0x00000000ce400000)
 Metaspace       used 6074K, capacity 7096K, committed 7296K, reserved 1056768K
  class space    used 610K, capacity 624K, committed 640K, reserved 1048576K
Event: 6.219 GC heap after
Heap after GC invocations=7 (full 1):
 PSYoungGen      total 251904K, used 50330K [0x00000000eab00000, 0x00000000ff300000, 0x0000000100000000)
  eden space 197632K, 0% used [0x00000000eab00000,0x00000000eab00000,0x00000000f6c00000)
  from space 54272K, 92% used [0x00000000fbe00000,0x00000000fef26860,0x00000000ff300000)
  to   space 69120K, 0% used [0x00000000f6c00000,0x00000000f6c00000,0x00000000faf80000)
 ParOldGen       total 233472K, used 80488K [0x00000000c0000000, 0x00000000ce400000, 0x00000000eab00000)
  object space 233472K, 34% used [0x00000000c0000000,0x00000000c4e9a368,0x00000000ce400000)
 Metaspace       used 6074K, capacity 7096K, committed 7296K, reserved 1056768K
  class space    used 610K, capacity 624K, committed 640K, reserved 1048576K
}
Event: 7.493 GC heap before
{Heap before GC invocations=8 (full 1):
 PSYoungGen      total 251904K, used 247962K [0x00000000eab00000, 0x00000000ff300000, 0x0000000100000000)
  eden space 197632K, 100% used [0x00000000eab00000,0x00000000f6c00000,0x00000000f6c00000)
  from space 54272K, 92% used [0x00000000fbe00000,0x00000000fef26860,0x00000000ff300000)
  to   space 69120K, 0% used [0x00000000f6c00000,0x00000000f6c00000,0x00000000faf80000)
 ParOldGen       total 233472K, used 80488K [0x00000000c0000000, 0x00000000ce400000, 0x00000000eab00000)
  object space 233472K, 34% used [0x00000000c0000000,0x00000000c4e9a368,0x00000000ce400000)
 Metaspace       used 6133K, capacity 7096K, committed 7296K, reserved 1056768K
  class space    used 610K, capacity 624K, committed 640K, reserved 1048576K

